This file contains any messages produced by compilers while
running configure, to aid debugging if configure makes a mistake.

It was created by openhmd configure 0.0.1, which was
generated by GNU Autoconf 2.69.  Invocation command line was

  $ ./configure --enable-openglexample

## --------- ##
## Platform. ##
## --------- ##

hostname = maurice
uname -m = x86_64
uname -r = 3.19.0-32-generic
uname -s = Linux
uname -v = #37~14.04.1-Ubuntu SMP Thu Oct 22 09:41:40 UTC 2015

/usr/bin/uname -p = unknown
/bin/uname -X     = unknown

/bin/arch              = unknown
/usr/bin/arch -k       = unknown
/usr/convex/getsysinfo = unknown
/usr/bin/hostinfo      = unknown
/bin/machine           = unknown
/usr/bin/oslevel       = unknown
/bin/universe          = unknown

PATH: /usr/local/sbin
PATH: /usr/local/bin
PATH: /usr/sbin
PATH: /usr/bin
PATH: /sbin
PATH: /bin
PATH: /usr/games
PATH: /usr/local/games


## ----------- ##
## Core tests. ##
## ----------- ##

configure:2305: checking for a BSD-compatible install
configure:2373: result: /usr/bin/install -c
configure:2384: checking whether build environment is sane
configure:2439: result: yes
configure:2590: checking for a thread-safe mkdir -p
configure:2629: result: /bin/mkdir -p
configure:2636: checking for gawk
configure:2652: found /usr/bin/gawk
configure:2663: result: gawk
configure:2674: checking whether make sets $(MAKE)
configure:2696: result: yes
configure:2725: checking whether make supports nested variables
configure:2742: result: yes
configure:2879: checking for style of include used by make
configure:2907: result: GNU
configure:2978: checking for gcc
configure:2994: found /usr/bin/gcc
configure:3005: result: gcc
configure:3234: checking for C compiler version
configure:3243: gcc --version >&5
gcc (Ubuntu 4.9.3-8ubuntu2~14.04) 4.9.3
Copyright (C) 2015 Free Software Foundation, Inc.
This is free software; see the source for copying conditions.  There is NO
warranty; not even for MERCHANTABILITY or FITNESS FOR A PARTICULAR PURPOSE.

configure:3254: $? = 0
configure:3243: gcc -v >&5
Using built-in specs.
COLLECT_GCC=gcc
COLLECT_LTO_WRAPPER=/usr/lib/gcc/x86_64-linux-gnu/4.9/lto-wrapper
Target: x86_64-linux-gnu
Configured with: ../src/configure -v --with-pkgversion='Ubuntu 4.9.3-8ubuntu2~14.04' --with-bugurl=file:///usr/share/doc/gcc-4.9/README.Bugs --enable-languages=c,c++,java,go,d,fortran,objc,obj-c++ --prefix=/usr --program-suffix=-4.9 --enable-shared --enable-linker-build-id --libexecdir=/usr/lib --without-included-gettext --enable-threads=posix --with-gxx-include-dir=/usr/include/c++/4.9 --libdir=/usr/lib --enable-nls --with-sysroot=/ --enable-clocale=gnu --enable-libstdcxx-debug --enable-libstdcxx-time=yes --enable-gnu-unique-object --disable-vtable-verify --enable-plugin --with-system-zlib --disable-browser-plugin --enable-java-awt=gtk --enable-gtk-cairo --with-java-home=/usr/lib/jvm/java-1.5.0-gcj-4.9-amd64/jre --enable-java-home --with-jvm-root-dir=/usr/lib/jvm/java-1.5.0-gcj-4.9-amd64 --with-jvm-jar-dir=/usr/lib/jvm-exports/java-1.5.0-gcj-4.9-amd64 --with-arch-directory=amd64 --with-ecj-jar=/usr/share/java/eclipse-ecj.jar --enable-objc-gc --enable-multiarch --disable-werror --with-arch-32=i686 --with-abi=m64 --with-multilib-list=m32,m64,mx32 --enable-multilib --with-tune=generic --enable-checking=release --build=x86_64-linux-gnu --host=x86_64-linux-gnu --target=x86_64-linux-gnu
Thread model: posix
gcc version 4.9.3 (Ubuntu 4.9.3-8ubuntu2~14.04) 
configure:3254: $? = 0
configure:3243: gcc -V >&5
gcc: error: unrecognized command line option '-V'
gcc: fatal error: no input files
compilation terminated.
configure:3254: $? = 4
configure:3243: gcc -qversion >&5
gcc: error: unrecognized command line option '-qversion'
gcc: fatal error: no input files
compilation terminated.
configure:3254: $? = 4
configure:3274: checking whether the C compiler works
configure:3296: gcc    conftest.c  >&5
configure:3300: $? = 0
configure:3348: result: yes
configure:3351: checking for C compiler default output file name
configure:3353: result: a.out
configure:3359: checking for suffix of executables
configure:3366: gcc -o conftest    conftest.c  >&5
configure:3370: $? = 0
configure:3392: result: 
configure:3414: checking whether we are cross compiling
configure:3422: gcc -o conftest    conftest.c  >&5
configure:3426: $? = 0
configure:3433: ./conftest
configure:3437: $? = 0
configure:3452: result: no
configure:3457: checking for suffix of object files
configure:3479: gcc -c   conftest.c >&5
configure:3483: $? = 0
configure:3504: result: o
configure:3508: checking whether we are using the GNU C compiler
configure:3527: gcc -c   conftest.c >&5
configure:3527: $? = 0
configure:3536: result: yes
configure:3545: checking whether gcc accepts -g
configure:3565: gcc -c -g  conftest.c >&5
configure:3565: $? = 0
configure:3606: result: yes
configure:3623: checking for gcc option to accept ISO C89
configure:3686: gcc  -c -g -O2  conftest.c >&5
configure:3686: $? = 0
configure:3699: result: none needed
configure:3724: checking whether gcc understands -c and -o together
configure:3746: gcc -c conftest.c -o conftest2.o
configure:3749: $? = 0
configure:3746: gcc -c conftest.c -o conftest2.o
configure:3749: $? = 0
configure:3761: result: yes
configure:3780: checking dependency style of gcc
configure:3891: result: gcc3
configure:3956: checking for ar
configure:3972: found /usr/bin/ar
configure:3983: result: ar
configure:4009: checking the archiver (ar) interface
configure:4025: gcc -c -g -O2  conftest.c >&5
configure:4025: $? = 0
configure:4027: ar cru libconftest.a conftest.o >&5
configure:4030: $? = 0
configure:4058: result: ar
configure:4107: checking build system type
configure:4121: result: x86_64-unknown-linux-gnu
configure:4141: checking host system type
configure:4154: result: x86_64-unknown-linux-gnu
configure:4195: checking how to print strings
configure:4222: result: printf
configure:4243: checking for a sed that does not truncate output
configure:4307: result: /bin/sed
configure:4325: checking for grep that handles long lines and -e
configure:4383: result: /bin/grep
configure:4388: checking for egrep
configure:4450: result: /bin/grep -E
configure:4455: checking for fgrep
configure:4517: result: /bin/grep -F
configure:4552: checking for ld used by gcc
configure:4619: result: /usr/bin/ld
configure:4626: checking if the linker (/usr/bin/ld) is GNU ld
configure:4641: result: yes
configure:4653: checking for BSD- or MS-compatible name lister (nm)
configure:4702: result: /usr/bin/nm -B
configure:4832: checking the name lister (/usr/bin/nm -B) interface
configure:4839: gcc -c -g -O2  conftest.c >&5
configure:4842: /usr/bin/nm -B "conftest.o"
configure:4845: output
0000000000000000 B some_variable
configure:4852: result: BSD nm
configure:4855: checking whether ln -s works
configure:4859: result: yes
configure:4867: checking the maximum length of command line arguments
configure:4998: result: 1572864
configure:5015: checking whether the shell understands some XSI constructs
configure:5025: result: yes
configure:5029: checking whether the shell understands "+="
configure:5035: result: yes
configure:5070: checking how to convert x86_64-unknown-linux-gnu file names to x86_64-unknown-linux-gnu format
configure:5110: result: func_convert_file_noop
configure:5117: checking how to convert x86_64-unknown-linux-gnu file names to toolchain format
configure:5137: result: func_convert_file_noop
configure:5144: checking for /usr/bin/ld option to reload object files
configure:5151: result: -r
configure:5225: checking for objdump
configure:5241: found /usr/bin/objdump
configure:5252: result: objdump
configure:5284: checking how to recognize dependent libraries
configure:5482: result: pass_all
configure:5567: checking for dlltool
configure:5597: result: no
configure:5627: checking how to associate runtime and link libraries
configure:5654: result: printf %s\n
configure:5778: checking for archiver @FILE support
configure:5795: gcc -c -g -O2  conftest.c >&5
configure:5795: $? = 0
configure:5798: ar cru libconftest.a @conftest.lst >&5
configure:5801: $? = 0
configure:5806: ar cru libconftest.a @conftest.lst >&5
ar: conftest.o: No such file or directory
configure:5809: $? = 1
configure:5821: result: @
configure:5879: checking for strip
configure:5895: found /usr/bin/strip
configure:5906: result: strip
configure:5978: checking for ranlib
configure:5994: found /usr/bin/ranlib
configure:6005: result: ranlib
configure:6107: checking command to parse /usr/bin/nm -B output from gcc object
configure:6227: gcc -c -g -O2  conftest.c >&5
configure:6230: $? = 0
configure:6234: /usr/bin/nm -B conftest.o \| sed -n -e 's/^.*[ ]\([ABCDGIRSTW][ABCDGIRSTW]*\)[ ][ ]*\([_A-Za-z][_A-Za-z0-9]*\)$/\1 \2 \2/p' | sed '/ __gnu_lto/d' \> conftest.nm
configure:6237: $? = 0
configure:6303: gcc -o conftest -g -O2   conftest.c conftstm.o >&5
configure:6306: $? = 0
configure:6344: result: ok
configure:6381: checking for sysroot
configure:6411: result: no
configure:6488: gcc -c -g -O2  conftest.c >&5
configure:6491: $? = 0
configure:6680: checking for mt
configure:6696: found /bin/mt
configure:6707: result: mt
configure:6730: checking if mt is a manifest tool
configure:6736: mt '-?'
configure:6744: result: no
configure:7386: checking how to run the C preprocessor
configure:7417: gcc -E  conftest.c
configure:7417: $? = 0
configure:7431: gcc -E  conftest.c
conftest.c:11:28: fatal error: ac_nonexistent.h: No such file or directory
 #include <ac_nonexistent.h>
                            ^
compilation terminated.
configure:7431: $? = 1
configure: failed program was:
| /* confdefs.h */
| #define PACKAGE_NAME "openhmd"
| #define PACKAGE_TARNAME "openhmd"
| #define PACKAGE_VERSION "0.0.1"
| #define PACKAGE_STRING "openhmd 0.0.1"
| #define PACKAGE_BUGREPORT "noname@nurd.se"
| #define PACKAGE_URL ""
| #define PACKAGE "openhmd"
| #define VERSION "0.0.1"
| /* end confdefs.h.  */
| #include <ac_nonexistent.h>
configure:7456: result: gcc -E
configure:7476: gcc -E  conftest.c
configure:7476: $? = 0
configure:7490: gcc -E  conftest.c
conftest.c:11:28: fatal error: ac_nonexistent.h: No such file or directory
 #include <ac_nonexistent.h>
                            ^
compilation terminated.
configure:7490: $? = 1
configure: failed program was:
| /* confdefs.h */
| #define PACKAGE_NAME "openhmd"
| #define PACKAGE_TARNAME "openhmd"
| #define PACKAGE_VERSION "0.0.1"
| #define PACKAGE_STRING "openhmd 0.0.1"
| #define PACKAGE_BUGREPORT "noname@nurd.se"
| #define PACKAGE_URL ""
| #define PACKAGE "openhmd"
| #define VERSION "0.0.1"
| /* end confdefs.h.  */
| #include <ac_nonexistent.h>
configure:7519: checking for ANSI C header files
configure:7539: gcc -c -g -O2  conftest.c >&5
configure:7539: $? = 0
configure:7612: gcc -o conftest -g -O2   conftest.c  >&5
configure:7612: $? = 0
configure:7612: ./conftest
configure:7612: $? = 0
configure:7623: result: yes
configure:7636: checking for sys/types.h
configure:7636: gcc -c -g -O2  conftest.c >&5
configure:7636: $? = 0
configure:7636: result: yes
configure:7636: checking for sys/stat.h
configure:7636: gcc -c -g -O2  conftest.c >&5
configure:7636: $? = 0
configure:7636: result: yes
configure:7636: checking for stdlib.h
configure:7636: gcc -c -g -O2  conftest.c >&5
configure:7636: $? = 0
configure:7636: result: yes
configure:7636: checking for string.h
configure:7636: gcc -c -g -O2  conftest.c >&5
configure:7636: $? = 0
configure:7636: result: yes
configure:7636: checking for memory.h
configure:7636: gcc -c -g -O2  conftest.c >&5
configure:7636: $? = 0
configure:7636: result: yes
configure:7636: checking for strings.h
configure:7636: gcc -c -g -O2  conftest.c >&5
configure:7636: $? = 0
configure:7636: result: yes
configure:7636: checking for inttypes.h
configure:7636: gcc -c -g -O2  conftest.c >&5
configure:7636: $? = 0
configure:7636: result: yes
configure:7636: checking for stdint.h
configure:7636: gcc -c -g -O2  conftest.c >&5
configure:7636: $? = 0
configure:7636: result: yes
configure:7636: checking for unistd.h
configure:7636: gcc -c -g -O2  conftest.c >&5
configure:7636: $? = 0
configure:7636: result: yes
configure:7650: checking for dlfcn.h
configure:7650: gcc -c -g -O2  conftest.c >&5
configure:7650: $? = 0
configure:7650: result: yes
configure:7856: checking for objdir
configure:7871: result: .libs
configure:8138: checking if gcc supports -fno-rtti -fno-exceptions
configure:8156: gcc -c -g -O2  -fno-rtti -fno-exceptions conftest.c >&5
cc1: warning: command line option '-fno-rtti' is valid for C++/ObjC++ but not for C
configure:8160: $? = 0
configure:8173: result: no
configure:8500: checking for gcc option to produce PIC
configure:8507: result: -fPIC -DPIC
configure:8515: checking if gcc PIC flag -fPIC -DPIC works
configure:8533: gcc -c -g -O2  -fPIC -DPIC -DPIC conftest.c >&5
configure:8537: $? = 0
configure:8550: result: yes
configure:8579: checking if gcc static flag -static works
configure:8607: result: yes
configure:8622: checking if gcc supports -c -o file.o
configure:8643: gcc -c -g -O2  -o out/conftest2.o conftest.c >&5
configure:8647: $? = 0
configure:8669: result: yes
configure:8677: checking if gcc supports -c -o file.o
configure:8724: result: yes
configure:8757: checking whether the gcc linker (/usr/bin/ld -m elf_x86_64) supports shared libraries
configure:9914: result: yes
configure:9951: checking whether -lc should be explicitly linked in
configure:9959: gcc -c -g -O2  conftest.c >&5
configure:9962: $? = 0
configure:9977: gcc -shared  -fPIC -DPIC conftest.o  -v -Wl,-soname -Wl,conftest -o conftest 2\>\&1 \| /bin/grep  -lc  \>/dev/null 2\>\&1
configure:9980: $? = 0
configure:9994: result: no
configure:10154: checking dynamic linker characteristics
configure:10654: gcc -o conftest -g -O2   -Wl,-rpath -Wl,/foo conftest.c  >&5
configure:10654: $? = 0
configure:10888: result: GNU/Linux ld.so
configure:10995: checking how to hardcode library paths into programs
configure:11020: result: immediate
configure:11560: checking whether stripping libraries is possible
configure:11565: result: yes
configure:11600: checking if libtool supports shared libraries
configure:11602: result: yes
configure:11605: checking whether to build shared libraries
configure:11626: result: yes
configure:11629: checking whether to build static libraries
configure:11633: result: yes
configure:11727: checking for pkg-config
configure:11745: found /usr/bin/pkg-config
configure:11757: result: /usr/bin/pkg-config
configure:11782: checking pkg-config is at least version 0.24
configure:11785: result: yes
configure:11805: checking whether make supports nested variables
configure:11822: result: yes
configure:11841: checking operating system
configure:11845: result: x86_64-unknown-linux-gnu (Linux)
configure:11917: checking for hidapi
configure:11924: $PKG_CONFIG --exists --print-errors "$hidapi >= 0.0.5"
configure:11927: $? = 0
configure:11941: $PKG_CONFIG --exists --print-errors "$hidapi >= 0.0.5"
configure:11944: $? = 0
configure:12002: result: yes
configure:12031: checking for sdl
configure:12038: $PKG_CONFIG --exists --print-errors "sdl"
configure:12041: $? = 0
configure:12055: $PKG_CONFIG --exists --print-errors "sdl"
configure:12058: $? = 0
configure:12116: result: yes
configure:12124: checking for GL
configure:12131: $PKG_CONFIG --exists --print-errors "gl"
configure:12134: $? = 0
configure:12148: $PKG_CONFIG --exists --print-errors "gl"
configure:12151: $? = 0
configure:12351: result: yes
configure:12361: checking for GLEW
configure:12368: $PKG_CONFIG --exists --print-errors "glew"
configure:12371: $? = 0
configure:12385: $PKG_CONFIG --exists --print-errors "glew"
configure:12388: $? = 0
configure:12444: result: yes
configure:12502: checking for gcc
configure:12529: result: gcc
configure:12758: checking for C compiler version
configure:12767: gcc --version >&5
gcc (Ubuntu 4.9.3-8ubuntu2~14.04) 4.9.3
Copyright (C) 2015 Free Software Foundation, Inc.
This is free software; see the source for copying conditions.  There is NO
warranty; not even for MERCHANTABILITY or FITNESS FOR A PARTICULAR PURPOSE.

configure:12778: $? = 0
configure:12767: gcc -v >&5
Using built-in specs.
COLLECT_GCC=gcc
COLLECT_LTO_WRAPPER=/usr/lib/gcc/x86_64-linux-gnu/4.9/lto-wrapper
Target: x86_64-linux-gnu
Configured with: ../src/configure -v --with-pkgversion='Ubuntu 4.9.3-8ubuntu2~14.04' --with-bugurl=file:///usr/share/doc/gcc-4.9/README.Bugs --enable-languages=c,c++,java,go,d,fortran,objc,obj-c++ --prefix=/usr --program-suffix=-4.9 --enable-shared --enable-linker-build-id --libexecdir=/usr/lib --without-included-gettext --enable-threads=posix --with-gxx-include-dir=/usr/include/c++/4.9 --libdir=/usr/lib --enable-nls --with-sysroot=/ --enable-clocale=gnu --enable-libstdcxx-debug --enable-libstdcxx-time=yes --enable-gnu-unique-object --disable-vtable-verify --enable-plugin --with-system-zlib --disable-browser-plugin --enable-java-awt=gtk --enable-gtk-cairo --with-java-home=/usr/lib/jvm/java-1.5.0-gcj-4.9-amd64/jre --enable-java-home --with-jvm-root-dir=/usr/lib/jvm/java-1.5.0-gcj-4.9-amd64 --with-jvm-jar-dir=/usr/lib/jvm-exports/java-1.5.0-gcj-4.9-amd64 --with-arch-directory=amd64 --with-ecj-jar=/usr/share/java/eclipse-ecj.jar --enable-objc-gc --enable-multiarch --disable-werror --with-arch-32=i686 --with-abi=m64 --with-multilib-list=m32,m64,mx32 --enable-multilib --with-tune=generic --enable-checking=release --build=x86_64-linux-gnu --host=x86_64-linux-gnu --target=x86_64-linux-gnu
Thread model: posix
gcc version 4.9.3 (Ubuntu 4.9.3-8ubuntu2~14.04) 
configure:12778: $? = 0
configure:12767: gcc -V >&5
gcc: error: unrecognized command line option '-V'
gcc: fatal error: no input files
compilation terminated.
configure:12778: $? = 4
configure:12767: gcc -qversion >&5
gcc: error: unrecognized command line option '-qversion'
gcc: fatal error: no input files
compilation terminated.
configure:12778: $? = 4
configure:12782: checking whether we are using the GNU C compiler
configure:12810: result: yes
configure:12819: checking whether gcc accepts -g
configure:12880: result: yes
configure:12897: checking for gcc option to accept ISO C89
configure:12973: result: none needed
configure:12998: checking whether gcc understands -c and -o together
configure:13035: result: yes
configure:13054: checking dependency style of gcc
configure:13165: result: gcc3
configure:13180: checking for gcc option to accept ISO C99
configure:13329: gcc  -c -g -O2  conftest.c >&5
conftest.c:73:29: error: expected ';', ',' or ')' before 'text'
 test_restrict (ccp restrict text)
                             ^
conftest.c: In function 'main':
conftest.c:127:18: error: expected '=', ',', ';', 'asm' or '__attribute__' before 'newvar'
   char *restrict newvar = "Another string";
                  ^
conftest.c:127:18: error: 'newvar' undeclared (first use in this function)
conftest.c:127:18: note: each undeclared identifier is reported only once for each function it appears in
conftest.c:137:3: error: 'for' loop initial declarations are only allowed in C99 or C11 mode
   for (int i = 0; i < ia->datasize; ++i)
   ^
conftest.c:137:3: note: use option -std=c99, -std=gnu99, -std=c11 or -std=gnu11 to compile your code
configure:13329: $? = 1
configure: failed program was:
| /* confdefs.h */
| #define PACKAGE_NAME "openhmd"
| #define PACKAGE_TARNAME "openhmd"
| #define PACKAGE_VERSION "0.0.1"
| #define PACKAGE_STRING "openhmd 0.0.1"
| #define PACKAGE_BUGREPORT "noname@nurd.se"
| #define PACKAGE_URL ""
| #define PACKAGE "openhmd"
| #define VERSION "0.0.1"
| #define STDC_HEADERS 1
| #define HAVE_SYS_TYPES_H 1
| #define HAVE_SYS_STAT_H 1
| #define HAVE_STDLIB_H 1
| #define HAVE_STRING_H 1
| #define HAVE_MEMORY_H 1
| #define HAVE_STRINGS_H 1
| #define HAVE_INTTYPES_H 1
| #define HAVE_STDINT_H 1
| #define HAVE_UNISTD_H 1
| #define HAVE_DLFCN_H 1
| #define LT_OBJDIR ".libs/"
| /* end confdefs.h.  */
| #include <stdarg.h>
| #include <stdbool.h>
| #include <stdlib.h>
| #include <wchar.h>
| #include <stdio.h>
| 
| // Check varargs macros.  These examples are taken from C99 6.10.3.5.
| #define debug(...) fprintf (stderr, __VA_ARGS__)
| #define showlist(...) puts (#__VA_ARGS__)
| #define report(test,...) ((test) ? puts (#test) : printf (__VA_ARGS__))
| static void
| test_varargs_macros (void)
| {
|   int x = 1234;
|   int y = 5678;
|   debug ("Flag");
|   debug ("X = %d\n", x);
|   showlist (The first, second, and third items.);
|   report (x>y, "x is %d but y is %d", x, y);
| }
| 
| // Check long long types.
| #define BIG64 18446744073709551615ull
| #define BIG32 4294967295ul
| #define BIG_OK (BIG64 / BIG32 == 4294967297ull && BIG64 % BIG32 == 0)
| #if !BIG_OK
|   your preprocessor is broken;
| #endif
| #if BIG_OK
| #else
|   your preprocessor is broken;
| #endif
| static long long int bignum = -9223372036854775807LL;
| static unsigned long long int ubignum = BIG64;
| 
| struct incomplete_array
| {
|   int datasize;
|   double data[];
| };
| 
| struct named_init {
|   int number;
|   const wchar_t *name;
|   double average;
| };
| 
| typedef const char *ccp;
| 
| static inline int
| test_restrict (ccp restrict text)
| {
|   // See if C++-style comments work.
|   // Iterate through items via the restricted pointer.
|   // Also check for declarations in for loops.
|   for (unsigned int i = 0; *(text+i) != '\0'; ++i)
|     continue;
|   return 0;
| }
| 
| // Check varargs and va_copy.
| static void
| test_varargs (const char *format, ...)
| {
|   va_list args;
|   va_start (args, format);
|   va_list args_copy;
|   va_copy (args_copy, args);
| 
|   const char *str;
|   int number;
|   float fnumber;
| 
|   while (*format)
|     {
|       switch (*format++)
| 	{
| 	case 's': // string
| 	  str = va_arg (args_copy, const char *);
| 	  break;
| 	case 'd': // int
| 	  number = va_arg (args_copy, int);
| 	  break;
| 	case 'f': // float
| 	  fnumber = va_arg (args_copy, double);
| 	  break;
| 	default:
| 	  break;
| 	}
|     }
|   va_end (args_copy);
|   va_end (args);
| }
| 
| int
| main ()
| {
| 
|   // Check bool.
|   _Bool success = false;
| 
|   // Check restrict.
|   if (test_restrict ("String literal") == 0)
|     success = true;
|   char *restrict newvar = "Another string";
| 
|   // Check varargs.
|   test_varargs ("s, d' f .", "string", 65, 34.234);
|   test_varargs_macros ();
| 
|   // Check flexible array members.
|   struct incomplete_array *ia =
|     malloc (sizeof (struct incomplete_array) + (sizeof (double) * 10));
|   ia->datasize = 10;
|   for (int i = 0; i < ia->datasize; ++i)
|     ia->data[i] = i * 1.234;
| 
|   // Check named initializers.
|   struct named_init ni = {
|     .number = 34,
|     .name = L"Test wide string",
|     .average = 543.34343,
|   };
| 
|   ni.number = 58;
| 
|   int dynamic_array[ni.number];
|   dynamic_array[ni.number - 1] = 543;
| 
|   // work around unused variable warnings
|   return (!success || bignum == 0LL || ubignum == 0uLL || newvar[0] == 'x'
| 	  || dynamic_array[ni.number - 1] != 543);
| 
|   ;
|   return 0;
| }
configure:13329: gcc -std=gnu99 -c -g -O2  conftest.c >&5
configure:13329: $? = 0
configure:13349: result: -std=gnu99
configure:13471: checking that generated files are newer than configure
configure:13477: result: done
configure:13520: creating ./config.status

## ---------------------- ##
## Running config.status. ##
## ---------------------- ##

This file was extended by openhmd config.status 0.0.1, which was
generated by GNU Autoconf 2.69.  Invocation command line was

  CONFIG_FILES    = 
  CONFIG_HEADERS  = 
  CONFIG_LINKS    = 
  CONFIG_COMMANDS = 
  $ ./config.status 

on maurice

config.status:1107: creating Makefile
config.status:1107: creating src/Makefile
config.status:1107: creating tests/Makefile
config.status:1107: creating tests/unittests/Makefile
config.status:1107: creating examples/Makefile
config.status:1107: creating examples/opengl/Makefile
config.status:1107: creating examples/simple/Makefile
config.status:1107: creating config.h
config.status:1288: config.h is unchanged
config.status:1336: executing depfiles commands
config.status:1336: executing libtool commands

## ---------------- ##
## Cache variables. ##
## ---------------- ##

ac_cv_build=x86_64-unknown-linux-gnu
ac_cv_c_compiler_gnu=yes
ac_cv_env_CC_set=
ac_cv_env_CC_value=
ac_cv_env_CFLAGS_set=
ac_cv_env_CFLAGS_value=
ac_cv_env_CPPFLAGS_set=
ac_cv_env_CPPFLAGS_value=
ac_cv_env_CPP_set=
ac_cv_env_CPP_value=
ac_cv_env_GLEW_CFLAGS_set=
ac_cv_env_GLEW_CFLAGS_value=
ac_cv_env_GLEW_LIBS_set=
ac_cv_env_GLEW_LIBS_value=
ac_cv_env_GL_CFLAGS_set=
ac_cv_env_GL_CFLAGS_value=
ac_cv_env_GL_LIBS_set=
ac_cv_env_GL_LIBS_value=
ac_cv_env_LDFLAGS_set=
ac_cv_env_LDFLAGS_value=
ac_cv_env_LIBS_set=
ac_cv_env_LIBS_value=
ac_cv_env_PKG_CONFIG_LIBDIR_set=
ac_cv_env_PKG_CONFIG_LIBDIR_value=
ac_cv_env_PKG_CONFIG_PATH_set=
ac_cv_env_PKG_CONFIG_PATH_value=
ac_cv_env_PKG_CONFIG_set=
ac_cv_env_PKG_CONFIG_value=
ac_cv_env_build_alias_set=
ac_cv_env_build_alias_value=
ac_cv_env_hidapi_CFLAGS_set=
ac_cv_env_hidapi_CFLAGS_value=
ac_cv_env_hidapi_LIBS_set=
ac_cv_env_hidapi_LIBS_value=
ac_cv_env_host_alias_set=
ac_cv_env_host_alias_value=
ac_cv_env_sdl_CFLAGS_set=
ac_cv_env_sdl_CFLAGS_value=
ac_cv_env_sdl_LIBS_set=
ac_cv_env_sdl_LIBS_value=
ac_cv_env_target_alias_set=
ac_cv_env_target_alias_value=
ac_cv_header_dlfcn_h=yes
ac_cv_header_inttypes_h=yes
ac_cv_header_memory_h=yes
ac_cv_header_stdc=yes
ac_cv_header_stdint_h=yes
ac_cv_header_stdlib_h=yes
ac_cv_header_string_h=yes
ac_cv_header_strings_h=yes
ac_cv_header_sys_stat_h=yes
ac_cv_header_sys_types_h=yes
ac_cv_header_unistd_h=yes
ac_cv_host=x86_64-unknown-linux-gnu
ac_cv_objext=o
ac_cv_path_EGREP='/bin/grep -E'
ac_cv_path_FGREP='/bin/grep -F'
ac_cv_path_GREP=/bin/grep
ac_cv_path_SED=/bin/sed
ac_cv_path_ac_pt_PKG_CONFIG=/usr/bin/pkg-config
ac_cv_path_install='/usr/bin/install -c'
ac_cv_path_mkdir=/bin/mkdir
ac_cv_prog_AWK=gawk
ac_cv_prog_CPP='gcc -E'
ac_cv_prog_ac_ct_AR=ar
ac_cv_prog_ac_ct_CC=gcc
ac_cv_prog_ac_ct_MANIFEST_TOOL=mt
ac_cv_prog_ac_ct_OBJDUMP=objdump
ac_cv_prog_ac_ct_RANLIB=ranlib
ac_cv_prog_ac_ct_STRIP=strip
ac_cv_prog_cc_c89=
ac_cv_prog_cc_c99=-std=gnu99
ac_cv_prog_cc_g=yes
ac_cv_prog_make_make_set=yes
am_cv_CC_dependencies_compiler_type=gcc3
am_cv_ar_interface=ar
am_cv_make_support_nested_variables=yes
am_cv_prog_cc_c_o=yes
lt_cv_ar_at_file=@
lt_cv_archive_cmds_need_lc=no
lt_cv_deplibs_check_method=pass_all
lt_cv_file_magic_cmd='$MAGIC_CMD'
lt_cv_file_magic_test_file=
lt_cv_ld_reload_flag=-r
lt_cv_nm_interface='BSD nm'
lt_cv_objdir=.libs
lt_cv_path_LD=/usr/bin/ld
lt_cv_path_NM='/usr/bin/nm -B'
lt_cv_path_mainfest_tool=no
lt_cv_prog_compiler_c_o=yes
lt_cv_prog_compiler_pic='-fPIC -DPIC'
lt_cv_prog_compiler_pic_works=yes
lt_cv_prog_compiler_rtti_exceptions=no
lt_cv_prog_compiler_static_works=yes
lt_cv_prog_gnu_ld=yes
lt_cv_sharedlib_from_linklib_cmd='printf %s\n'
lt_cv_shlibpath_overrides_runpath=no
lt_cv_sys_global_symbol_pipe='sed -n -e '\''s/^.*[	 ]\([ABCDGIRSTW][ABCDGIRSTW]*\)[	 ][	 ]*\([_A-Za-z][_A-Za-z0-9]*\)$/\1 \2 \2/p'\'' | sed '\''/ __gnu_lto/d'\'''
lt_cv_sys_global_symbol_to_c_name_address='sed -n -e '\''s/^: \([^ ]*\)[ ]*$/  {\"\1\", (void *) 0},/p'\'' -e '\''s/^[ABCDGIRSTW]* \([^ ]*\) \([^ ]*\)$/  {"\2", (void *) \&\2},/p'\'''
lt_cv_sys_global_symbol_to_c_name_address_lib_prefix='sed -n -e '\''s/^: \([^ ]*\)[ ]*$/  {\"\1\", (void *) 0},/p'\'' -e '\''s/^[ABCDGIRSTW]* \([^ ]*\) \(lib[^ ]*\)$/  {"\2", (void *) \&\2},/p'\'' -e '\''s/^[ABCDGIRSTW]* \([^ ]*\) \([^ ]*\)$/  {"lib\2", (void *) \&\2},/p'\'''
lt_cv_sys_global_symbol_to_cdecl='sed -n -e '\''s/^T .* \(.*\)$/extern int \1();/p'\'' -e '\''s/^[ABCDGIRSTW]* .* \(.*\)$/extern char \1;/p'\'''
lt_cv_sys_max_cmd_len=1572864
lt_cv_to_host_file_cmd=func_convert_file_noop
lt_cv_to_tool_file_cmd=func_convert_file_noop
pkg_cv_GLEW_CFLAGS='-I/usr/include/GL -I/usr/include/libdrm  '
pkg_cv_GLEW_LIBS='-lGLEW -lGLU -lGL  '
pkg_cv_GL_CFLAGS='-I/usr/include/libdrm  '
pkg_cv_GL_LIBS='-lGL  '
pkg_cv_hidapi_CFLAGS='-I/usr/include/hidapi  '
pkg_cv_hidapi_LIBS='-lhidapi-libusb  '
pkg_cv_sdl_CFLAGS='-D_GNU_SOURCE=1 -D_REENTRANT -I/usr/include/SDL  '
pkg_cv_sdl_LIBS='-lSDL  '

## ----------------- ##
## Output variables. ##
## ----------------- ##

ACLOCAL='${SHELL} /home/maurice/Uni/Master/Programmierwettbewerb_Agar/Official/HMD_Client/OpenHMD/missing aclocal-1.14'
AMDEPBACKSLASH='\'
AMDEP_FALSE='#'
AMDEP_TRUE=''
AMTAR='$${TAR-tar}'
AM_BACKSLASH='\'
AM_DEFAULT_V='$(AM_DEFAULT_VERBOSITY)'
AM_DEFAULT_VERBOSITY='0'
AM_V='$(V)'
AR='ar'
AUTOCONF='${SHELL} /home/maurice/Uni/Master/Programmierwettbewerb_Agar/Official/HMD_Client/OpenHMD/missing autoconf'
AUTOHEADER='${SHELL} /home/maurice/Uni/Master/Programmierwettbewerb_Agar/Official/HMD_Client/OpenHMD/missing autoheader'
AUTOMAKE='${SHELL} /home/maurice/Uni/Master/Programmierwettbewerb_Agar/Official/HMD_Client/OpenHMD/missing automake-1.14'
AWK='gawk'
BUILD_DRIVER_ANDROID_FALSE=''
BUILD_DRIVER_ANDROID_TRUE='#'
BUILD_DRIVER_EXTERNAL_FALSE='#'
BUILD_DRIVER_EXTERNAL_TRUE=''
BUILD_DRIVER_OCULUS_RIFT_FALSE='#'
BUILD_DRIVER_OCULUS_RIFT_TRUE=''
BUILD_OPENGL_EXAMPLE_FALSE='#'
BUILD_OPENGL_EXAMPLE_TRUE=''
CC='gcc -std=gnu99'
CCDEPMODE='depmode=gcc3'
CFLAGS='-g -O2'
CPP='gcc -E'
CPPFLAGS=''
CYGPATH_W='echo'
DEFS='-DHAVE_CONFIG_H'
DEPDIR='.deps'
DLLTOOL='false'
DSYMUTIL=''
DUMPBIN=''
ECHO_C=''
ECHO_N='-n'
ECHO_T=''
EGREP='/bin/grep -E'
EXEEXT=''
EXTRA_LD_FLAGS='-lrt -lpthread'
FGREP='/bin/grep -F'
GLEW_CFLAGS='-I/usr/include/GL -I/usr/include/libdrm  '
GLEW_LIBS='-lGLEW -lGLU -lGL  '
GL_CFLAGS='-I/usr/include/libdrm  '
GL_LIBS='-lGL  '
GREP='/bin/grep'
INSTALL_DATA='${INSTALL} -m 644'
INSTALL_PROGRAM='${INSTALL}'
INSTALL_SCRIPT='${INSTALL}'
INSTALL_STRIP_PROGRAM='$(install_sh) -c -s'
LD='/usr/bin/ld -m elf_x86_64'
LDFLAGS=''
LIBOBJS=''
LIBS=''
LIBTOOL='$(SHELL) $(top_builddir)/libtool'
LIPO=''
LN_S='ln -s'
LTLIBOBJS=''
MAKEINFO='${SHELL} /home/maurice/Uni/Master/Programmierwettbewerb_Agar/Official/HMD_Client/OpenHMD/missing makeinfo'
MANIFEST_TOOL=':'
MKDIR_P='/bin/mkdir -p'
NM='/usr/bin/nm -B'
NMEDIT=''
OBJDUMP='objdump'
OBJEXT='o'
OTOOL64=''
OTOOL=''
PACKAGE='openhmd'
PACKAGE_BUGREPORT='noname@nurd.se'
PACKAGE_NAME='openhmd'
PACKAGE_STRING='openhmd 0.0.1'
PACKAGE_TARNAME='openhmd'
PACKAGE_URL=''
PACKAGE_VERSION='0.0.1'
PATH_SEPARATOR=':'
PKG_CONFIG='/usr/bin/pkg-config'
PKG_CONFIG_EXTRA_PATH=''
PKG_CONFIG_LIBDIR=''
PKG_CONFIG_PATH=''
RANLIB='ranlib'
SED='/bin/sed'
SET_MAKE=''
SHELL='/bin/bash'
STRIP='strip'
VERSION='0.0.1'
ac_ct_AR='ar'
ac_ct_CC='gcc'
ac_ct_DUMPBIN=''
am__EXEEXT_FALSE=''
am__EXEEXT_TRUE='#'
am__fastdepCC_FALSE='#'
am__fastdepCC_TRUE=''
am__include='include'
am__isrc=''
am__leading_dot='.'
am__nodep='_no'
am__quote=''
am__tar='$${TAR-tar} chof - "$$tardir"'
am__untar='$${TAR-tar} xf -'
bindir='${exec_prefix}/bin'
build='x86_64-unknown-linux-gnu'
build_alias=''
build_cpu='x86_64'
build_os='linux-gnu'
build_vendor='unknown'
datadir='${datarootdir}'
datarootdir='${prefix}/share'
docdir='${datarootdir}/doc/${PACKAGE_TARNAME}'
dvidir='${docdir}'
exec_prefix='${prefix}'
hidapi_CFLAGS='-I/usr/include/hidapi  '
hidapi_LIBS='-lhidapi-libusb  '
host='x86_64-unknown-linux-gnu'
host_alias=''
host_cpu='x86_64'
host_os='linux-gnu'
host_vendor='unknown'
htmldir='${docdir}'
includedir='${prefix}/include'
infodir='${datarootdir}/info'
install_sh='${SHELL} /home/maurice/Uni/Master/Programmierwettbewerb_Agar/Official/HMD_Client/OpenHMD/install-sh'
libdir='${exec_prefix}/lib'
libexecdir='${exec_prefix}/libexec'
localedir='${datarootdir}/locale'
localstatedir='${prefix}/var'
mandir='${datarootdir}/man'
mkdir_p='$(MKDIR_P)'
oldincludedir='/usr/include'
pdfdir='${docdir}'
prefix='/usr/local'
program_transform_name='s,x,x,'
psdir='${docdir}'
sbindir='${exec_prefix}/sbin'
sdl_CFLAGS='-D_GNU_SOURCE=1 -D_REENTRANT -I/usr/include/SDL  '
sdl_LIBS='-lSDL  '
sharedstatedir='${prefix}/com'
sysconfdir='${prefix}/etc'
target_alias=''

## ----------- ##
## confdefs.h. ##
## ----------- ##

/* confdefs.h */
#define PACKAGE_NAME "openhmd"
#define PACKAGE_TARNAME "openhmd"
#define PACKAGE_VERSION "0.0.1"
#define PACKAGE_STRING "openhmd 0.0.1"
#define PACKAGE_BUGREPORT "noname@nurd.se"
#define PACKAGE_URL ""
#define PACKAGE "openhmd"
#define VERSION "0.0.1"
#define STDC_HEADERS 1
#define HAVE_SYS_TYPES_H 1
#define HAVE_SYS_STAT_H 1
#define HAVE_STDLIB_H 1
#define HAVE_STRING_H 1
#define HAVE_MEMORY_H 1
#define HAVE_STRINGS_H 1
#define HAVE_INTTYPES_H 1
#define HAVE_STDINT_H 1
#define HAVE_UNISTD_H 1
#define HAVE_DLFCN_H 1
#define LT_OBJDIR ".libs/"

configure: exit 0
